[2026-02-15T20:13:09.812Z] [INFO] Logger initialized
--------------------------------------------------------------------------------
[2026-02-15T20:32:24.887Z] [ERROR] RENDERER ERROR
Detail: {
  "message": "Minified React error #31; visit https://react.dev/errors/31?args[]=object%20with%20keys%20%7Bstatus%2C%20message%7D for the full message or use the non-minified dev environment for full errors and additional helpful warnings.",
  "stack": "Error: Minified React error #31; visit https://react.dev/errors/31?args[]=object%20with%20keys%20%7Bstatus%2C%20message%7D for the full message or use the non-minified dev environment for full errors and additional helpful warnings.\n    at Li (file:///C:/Program%20Files/CC%20Catalog/resources/app.asar/dist/assets/index-CSgu_FaJ.js:8:37773)\n    at Ue (file:///C:/Program%20Files/CC%20Catalog/resources/app.asar/dist/assets/index-CSgu_FaJ.js:8:43239)\n    at file:///C:/Program%20Files/CC%20Catalog/resources/app.asar/dist/assets/index-CSgu_FaJ.js:8:43484\n    at rt (file:///C:/Program%20Files/CC%20Catalog/resources/app.asar/dist/assets/index-CSgu_FaJ.js:8:67302)\n    at gf (file:///C:/Program%20Files/CC%20Catalog/resources/app.asar/dist/assets/index-CSgu_FaJ.js:8:82771)\n    at Kf (file:///C:/Program%20Files/CC%20Catalog/resources/app.asar/dist/assets/index-CSgu_FaJ.js:8:116798)\n    at Dh (file:///C:/Program%20Files/CC%20Catalog/resources/app.asar/dist/assets/index-CSgu_FaJ.js:8:115844)\n    at bc (file:///C:/Program%20Files/CC%20Catalog/resources/app.asar/dist/assets/index-CSgu_FaJ.js:8:115676)\n    at Gf (file:///C:/Program%20Files/CC%20Catalog/resources/app.asar/dist/assets/index-CSgu_FaJ.js:8:112474)\n    at ud (file:///C:/Program%20Files/CC%20Catalog/resources/app.asar/dist/assets/index-CSgu_FaJ.js:8:124263)",
  "componentStack": "\n    at p (<anonymous>)\n    at div (<anonymous>)\n    at div (<anonymous>)\n    at div (<anonymous>)\n    at div (<anonymous>)\n    at div (<anonymous>)\n    at div (<anonymous>)\n    at Wx (file:///C:/Program%20Files/CC%20Catalog/resources/app.asar/dist/assets/index-CSgu_FaJ.js:19:29673)\n    at div (<anonymous>)\n    at eb (file:///C:/Program%20Files/CC%20Catalog/resources/app.asar/dist/assets/index-CSgu_FaJ.js:19:52065)\n    at Fx (file:///C:/Program%20Files/CC%20Catalog/resources/app.asar/dist/assets/index-CSgu_FaJ.js:19:29161)\n    at Px (file:///C:/Program%20Files/CC%20Catalog/resources/app.asar/dist/assets/index-CSgu_FaJ.js:19:47998)\n    at tb (file:///C:/Program%20Files/CC%20Catalog/resources/app.asar/dist/assets/index-CSgu_FaJ.js:19:77729)"
}
--------------------------------------------------------------------------------
[2026-02-15T20:33:42.603Z] [INFO] Logger initialized
--------------------------------------------------------------------------------
[2026-02-15T20:33:47.538Z] [ERROR] RENDERER ERROR
Detail: {
  "message": "Minified React error #31; visit https://react.dev/errors/31?args[]=object%20with%20keys%20%7Bstatus%2C%20message%7D for the full message or use the non-minified dev environment for full errors and additional helpful warnings.",
  "stack": "Error: Minified React error #31; visit https://react.dev/errors/31?args[]=object%20with%20keys%20%7Bstatus%2C%20message%7D for the full message or use the non-minified dev environment for full errors and additional helpful warnings.\n    at Li (file:///C:/Program%20Files/CC%20Catalog/resources/app.asar/dist/assets/index-CSgu_FaJ.js:8:37773)\n    at Ue (file:///C:/Program%20Files/CC%20Catalog/resources/app.asar/dist/assets/index-CSgu_FaJ.js:8:43239)\n    at file:///C:/Program%20Files/CC%20Catalog/resources/app.asar/dist/assets/index-CSgu_FaJ.js:8:43484\n    at rt (file:///C:/Program%20Files/CC%20Catalog/resources/app.asar/dist/assets/index-CSgu_FaJ.js:8:67302)\n    at gf (file:///C:/Program%20Files/CC%20Catalog/resources/app.asar/dist/assets/index-CSgu_FaJ.js:8:82771)\n    at Kf (file:///C:/Program%20Files/CC%20Catalog/resources/app.asar/dist/assets/index-CSgu_FaJ.js:8:116798)\n    at Dh (file:///C:/Program%20Files/CC%20Catalog/resources/app.asar/dist/assets/index-CSgu_FaJ.js:8:115844)\n    at bc (file:///C:/Program%20Files/CC%20Catalog/resources/app.asar/dist/assets/index-CSgu_FaJ.js:8:115676)\n    at Gf (file:///C:/Program%20Files/CC%20Catalog/resources/app.asar/dist/assets/index-CSgu_FaJ.js:8:112474)\n    at ud (file:///C:/Program%20Files/CC%20Catalog/resources/app.asar/dist/assets/index-CSgu_FaJ.js:8:124263)",
  "componentStack": "\n    at p (<anonymous>)\n    at div (<anonymous>)\n    at div (<anonymous>)\n    at div (<anonymous>)\n    at div (<anonymous>)\n    at div (<anonymous>)\n    at div (<anonymous>)\n    at Wx (file:///C:/Program%20Files/CC%20Catalog/resources/app.asar/dist/assets/index-CSgu_FaJ.js:19:29673)\n    at div (<anonymous>)\n    at eb (file:///C:/Program%20Files/CC%20Catalog/resources/app.asar/dist/assets/index-CSgu_FaJ.js:19:52065)\n    at Fx (file:///C:/Program%20Files/CC%20Catalog/resources/app.asar/dist/assets/index-CSgu_FaJ.js:19:29161)\n    at Px (file:///C:/Program%20Files/CC%20Catalog/resources/app.asar/dist/assets/index-CSgu_FaJ.js:19:47998)\n    at tb (file:///C:/Program%20Files/CC%20Catalog/resources/app.asar/dist/assets/index-CSgu_FaJ.js:19:77729)"
}
--------------------------------------------------------------------------------
[2026-02-15T20:35:29.299Z] [ERROR] RENDERER ERROR
Detail: {
  "message": "Minified React error #31; visit https://react.dev/errors/31?args[]=object%20with%20keys%20%7Bstatus%2C%20message%7D for the full message or use the non-minified dev environment for full errors and additional helpful warnings.",
  "stack": "Error: Minified React error #31; visit https://react.dev/errors/31?args[]=object%20with%20keys%20%7Bstatus%2C%20message%7D for the full message or use the non-minified dev environment for full errors and additional helpful warnings.\n    at Li (file:///C:/Program%20Files/CC%20Catalog/resources/app.asar/dist/assets/index-CSgu_FaJ.js:8:37773)\n    at Ue (file:///C:/Program%20Files/CC%20Catalog/resources/app.asar/dist/assets/index-CSgu_FaJ.js:8:43239)\n    at file:///C:/Program%20Files/CC%20Catalog/resources/app.asar/dist/assets/index-CSgu_FaJ.js:8:43484\n    at rt (file:///C:/Program%20Files/CC%20Catalog/resources/app.asar/dist/assets/index-CSgu_FaJ.js:8:67302)\n    at gf (file:///C:/Program%20Files/CC%20Catalog/resources/app.asar/dist/assets/index-CSgu_FaJ.js:8:82771)\n    at Kf (file:///C:/Program%20Files/CC%20Catalog/resources/app.asar/dist/assets/index-CSgu_FaJ.js:8:116798)\n    at Dh (file:///C:/Program%20Files/CC%20Catalog/resources/app.asar/dist/assets/index-CSgu_FaJ.js:8:115844)\n    at bc (file:///C:/Program%20Files/CC%20Catalog/resources/app.asar/dist/assets/index-CSgu_FaJ.js:8:115676)\n    at Gf (file:///C:/Program%20Files/CC%20Catalog/resources/app.asar/dist/assets/index-CSgu_FaJ.js:8:112474)\n    at ud (file:///C:/Program%20Files/CC%20Catalog/resources/app.asar/dist/assets/index-CSgu_FaJ.js:8:124263)",
  "componentStack": "\n    at p (<anonymous>)\n    at div (<anonymous>)\n    at div (<anonymous>)\n    at div (<anonymous>)\n    at div (<anonymous>)\n    at div (<anonymous>)\n    at div (<anonymous>)\n    at Wx (file:///C:/Program%20Files/CC%20Catalog/resources/app.asar/dist/assets/index-CSgu_FaJ.js:19:29673)\n    at div (<anonymous>)\n    at eb (file:///C:/Program%20Files/CC%20Catalog/resources/app.asar/dist/assets/index-CSgu_FaJ.js:19:52065)\n    at Fx (file:///C:/Program%20Files/CC%20Catalog/resources/app.asar/dist/assets/index-CSgu_FaJ.js:19:29161)\n    at Px (file:///C:/Program%20Files/CC%20Catalog/resources/app.asar/dist/assets/index-CSgu_FaJ.js:19:47998)\n    at tb (file:///C:/Program%20Files/CC%20Catalog/resources/app.asar/dist/assets/index-CSgu_FaJ.js:19:77729)"
}
--------------------------------------------------------------------------------
[2026-02-15T20:35:54.913Z] [INFO] Logger initialized
--------------------------------------------------------------------------------
[2026-02-15T20:38:24.323Z] [INFO] Logger initialized
--------------------------------------------------------------------------------
[2026-02-15T20:38:29.565Z] [ERROR] RENDERER ERROR
Detail: {
  "message": "Minified React error #31; visit https://react.dev/errors/31?args[]=object%20with%20keys%20%7Bstatus%2C%20message%7D for the full message or use the non-minified dev environment for full errors and additional helpful warnings.",
  "stack": "Error: Minified React error #31; visit https://react.dev/errors/31?args[]=object%20with%20keys%20%7Bstatus%2C%20message%7D for the full message or use the non-minified dev environment for full errors and additional helpful warnings.\n    at Li (file:///C:/Program%20Files/CC%20Catalog/resources/app.asar/dist/assets/index-ChuoUB6A.js:8:37773)\n    at He (file:///C:/Program%20Files/CC%20Catalog/resources/app.asar/dist/assets/index-ChuoUB6A.js:8:43239)\n    at file:///C:/Program%20Files/CC%20Catalog/resources/app.asar/dist/assets/index-ChuoUB6A.js:8:43484\n    at rt (file:///C:/Program%20Files/CC%20Catalog/resources/app.asar/dist/assets/index-ChuoUB6A.js:8:67287)\n    at gf (file:///C:/Program%20Files/CC%20Catalog/resources/app.asar/dist/assets/index-ChuoUB6A.js:8:82771)\n    at Kf (file:///C:/Program%20Files/CC%20Catalog/resources/app.asar/dist/assets/index-ChuoUB6A.js:8:116798)\n    at Oh (file:///C:/Program%20Files/CC%20Catalog/resources/app.asar/dist/assets/index-ChuoUB6A.js:8:115844)\n    at bc (file:///C:/Program%20Files/CC%20Catalog/resources/app.asar/dist/assets/index-ChuoUB6A.js:8:115676)\n    at Gf (file:///C:/Program%20Files/CC%20Catalog/resources/app.asar/dist/assets/index-ChuoUB6A.js:8:112474)\n    at ud (file:///C:/Program%20Files/CC%20Catalog/resources/app.asar/dist/assets/index-ChuoUB6A.js:8:124263)",
  "componentStack": "\n    at p (<anonymous>)\n    at div (<anonymous>)\n    at div (<anonymous>)\n    at div (<anonymous>)\n    at div (<anonymous>)\n    at div (<anonymous>)\n    at div (<anonymous>)\n    at Wx (file:///C:/Program%20Files/CC%20Catalog/resources/app.asar/dist/assets/index-ChuoUB6A.js:19:30219)\n    at div (<anonymous>)\n    at eb (file:///C:/Program%20Files/CC%20Catalog/resources/app.asar/dist/assets/index-ChuoUB6A.js:19:52611)\n    at Fx (file:///C:/Program%20Files/CC%20Catalog/resources/app.asar/dist/assets/index-ChuoUB6A.js:19:29707)\n    at Px (file:///C:/Program%20Files/CC%20Catalog/resources/app.asar/dist/assets/index-ChuoUB6A.js:19:48544)\n    at tb (file:///C:/Program%20Files/CC%20Catalog/resources/app.asar/dist/assets/index-ChuoUB6A.js:19:78275)"
}
--------------------------------------------------------------------------------
